C:\Users\gab_v\AppData\Local\Programs\Python\Python311\Lib\site-packages\requests\__init__.py:113: RequestsDependencyWarning: urllib3 (2.6.3) or chardet (7.4.3)/charset_normalizer (3.4.4) doesn't match a supported version!
  warnings.warn(
C:\Users\gab_v\AppData\Local\Programs\Python\Python311\Lib\site-packages\pydantic\_internal\_fields.py:161: UserWarning: Field "model_kwargs" has conflict with protected namespace "model_".

You may be able to resolve this warning by setting `model_config['protected_namespaces'] = ()`.
  warnings.warn(
INFO: Could not find files for the given pattern(s).
C:\Users\gab_v\AppData\Local\Programs\Python\Python311\Lib\site-packages\paddle\utils\cpp_extension\extension_utils.py:711: UserWarning: No ccache found. Please be aware that recompiling all source files may be required. You can download and install ccache from: https://github.com/ccache/ccache/blob/master/doc/INSTALL.md
  warnings.warn(warning_message)
[32mCreating model: ('PP-OCRv5_server_det', None, None)[0m
[32mModel files already exist. Using cached files. To redownload, please delete the directory manually: `C:\Users\gab_v\.paddlex\official_models\PP-OCRv5_server_det`.[0m
[32mCreating model: ('korean_PP-OCRv5_mobile_rec', None, None)[0m
[32mModel files already exist. Using cached files. To redownload, please delete the directory manually: `C:\Users\gab_v\.paddlex\official_models\korean_PP-OCRv5_mobile_rec`.[0m

--- 31문항 파싱 완료 ---
경고 9건:
  Q8: 선택지 2개
  Q13: 선택지 2개
  Q18: 선택지 2개
  Q19: 선택지 1개
  Q26: 선택지 5개
  Q30: 선택지 5개
  Q32: 선택지 2개
  Q34: 선택지 2개
  Q40: 선택지 5개

검증 실패 1건:
  문항 수 31 (40 expected)
